<?xml version="1.0" encoding="UTF-8"?>
<!-- Generated by org.testng.reporters.JUnitXMLReporter -->
<testsuite hostname="BDC4-L-8Y4DZM2" ignored="1" name="Test" tests="3" failures="0" timestamp="2019-10-22T10:25:01 IST" time="14.251" errors="0">
  <testcase name="testProducts" time="14.2" classname="seleniumplus.Test6"/>
  <testcase name="test1" time="0.001" classname="seleniumplus.NewTest7"/>
  <testcase name="test2" time="0.001" classname="seleniumplus.NewTest7"/>
  <testcase name="test3" time="0.0" classname="seleniumplus.NewTest7">
    <ignored/>
  </testcase> <!-- test3 -->
</testsuite> <!-- Test -->
